Arguments: 
  /usr/local/bin/node /Users/kmo/github/.yarn/releases/yarn-1.22.19.cjs

PATH: 
  /opt/homebrew/bin:/opt/homebrew/sbin:/usr/local/bin:/usr/bin:/bin:/usr/sbin:/sbin:/Users/kmo/.cargo/bin

Yarn version: 
  1.22.19

Node version: 
  16.15.0

Platform: 
  darwin arm64

Trace: 
  SyntaxError: /Users/kmo/github/tetrisreact/package.json: Unexpected token } in JSON at position 853
      at JSON.parse (<anonymous>)
      at /Users/kmo/github/.yarn/releases/yarn-1.22.19.cjs:1104:57
      at Generator.next (<anonymous>)
      at step (/Users/kmo/github/.yarn/releases/yarn-1.22.19.cjs:310:30)
      at /Users/kmo/github/.yarn/releases/yarn-1.22.19.cjs:321:13

npm manifest: 
  {
      "name": "web3-starter-kit",
      "version": "0.5.0",
      "private": true,
      "dependencies": {
          "@blueprintjs/core": "^4.5.1",
          "@blueprintjs/popover2": "^1.4.1",
          "@blueprintjs/select": "^4.4.1",
          "@blueprintjs/table": "^4.3.1",
          "@types/animejs": "^3.1.4",
          "@types/node": "^16.11.26",
          "@types/react": "^17.0.39",
          "@types/react-dom": "^17.0.11",
          "@types/react-router-dom": "5.3.2",
          "animejs": "^3.2.1",
          "bootstrap": "^5.1.3",
          "dotenv": "^16.0.0",
          "react": "^17.0.2",
          "react-bootstrap": "^2.4.0",
          "react-bootstrap-icons": "^1.8.4",
          "react-dom": "^17.0.2",
          "react-icons": "^4.4.0",
          "react-router-dom": "5.3.0",
          "react-scripts": "^4.0.3",
          "sass": "^1.51.0",
          "typescript": "^4.5.5",
      },
      "devDependencies": {
          "react-error-overlay": "6.0.9"
      },
      "resolutions": {
          "react-error-overlay": "6.0.9"
      },
      "scripts": {
          "start": "NODE_ENV=production react-scripts start",
          "build": "react-scripts build",
          "dev": "NODE_ENV=development react-scripts start",
          "test": "react-scripts test",
          "eject": "react-scripts eject"
      },
      "eslintConfig": {
          "extends": [
              "react-app",
              "react-app/jest"
          ]
      },
      "browserslist": {
          "production": [
              ">0.2%",
              "not dead",
              "not op_mini all"
          ],
          "development": [
              "last 1 chrome version",
              "last 1 firefox version",
              "last 1 safari version"
          ]
      }
  }

yarn manifest: 
  No manifest

Lockfile: 
  # THIS IS AN AUTOGENERATED FILE. DO NOT EDIT THIS FILE DIRECTLY.
  # yarn lockfile v1
